<?xml version="1.0" encoding="UTF-8"?>
<!-- Generated by org.testng.reporters.JUnitReportReporter -->
<testsuite hostname="DESKTOP-FAK7R2E" failures="0" tests="4" name="TestCases" time="0.016" errors="0" timestamp="2024-10-16T18:50:14 IST" skipped="0">
  <testcase classname="TestCases" name="test4" time="0.001"/>
  <system-out/>
  <testcase classname="TestCases" name="test2" time="0.002"/>
  <system-out/>
  <testcase classname="TestCases" name="test1" time="0.012"/>
  <system-out/>
  <testcase classname="TestCases" name="test3" time="0.001"/>
  <system-out/>
</testsuite> <!-- TestCases -->
