<?xml version="1.0" encoding="UTF-8"?>
<!-- Generated by org.testng.reporters.JUnitReportReporter -->
<testsuite hostname="DESKTOP-FAK7R2E" failures="0" tests="4" name="test.TestCases" time="0.031" errors="0" timestamp="2024-10-16T21:55:34 IST" skipped="0">
  <testcase classname="test.TestCases" name="test1" time="0.024"/>
  <system-out/>
  <testcase classname="test.TestCases" name="test2" time="0.003"/>
  <system-out/>
  <testcase classname="test.TestCases" name="test3" time="0.003"/>
  <system-out/>
  <testcase classname="test.TestCases" name="test4" time="0.001"/>
  <system-out/>
</testsuite> <!-- test.TestCases -->
